[1209/213049.000:WARNING:dns_config_service_win.cc(668)] Failed to read DnsConfig.
[1209/213054.006:WARNING:dns_config_service_win.cc(668)] Failed to read DnsConfig.
[1209/213059.012:WARNING:dns_config_service_win.cc(668)] Failed to read DnsConfig.
[1209/213104.015:WARNING:dns_config_service_win.cc(668)] Failed to read DnsConfig.
[1209/213109.021:WARNING:dns_config_service_win.cc(668)] Failed to read DnsConfig.
[1209/213114.025:WARNING:dns_config_service_win.cc(668)] Failed to read DnsConfig.
[1209/213119.029:WARNING:dns_config_service_win.cc(668)] Failed to read DnsConfig.
[1209/213124.034:WARNING:dns_config_service_win.cc(668)] Failed to read DnsConfig.
[1209/213129.038:WARNING:dns_config_service_win.cc(668)] Failed to read DnsConfig.
[1209/213134.046:WARNING:dns_config_service_win.cc(668)] Failed to read DnsConfig.
[1209/213139.050:WARNING:dns_config_service_win.cc(668)] Failed to read DnsConfig.
[1209/213144.054:WARNING:dns_config_service_win.cc(668)] Failed to read DnsConfig.
[1209/213149.059:WARNING:dns_config_service_win.cc(668)] Failed to read DnsConfig.
[1209/213154.063:WARNING:dns_config_service_win.cc(668)] Failed to read DnsConfig.
[1209/213159.068:WARNING:dns_config_service_win.cc(668)] Failed to read DnsConfig.
[1209/213204.073:WARNING:dns_config_service_win.cc(668)] Failed to read DnsConfig.
[1209/213209.078:WARNING:dns_config_service_win.cc(668)] Failed to read DnsConfig.
[1209/213214.083:WARNING:dns_config_service_win.cc(668)] Failed to read DnsConfig.
[1209/213219.089:WARNING:dns_config_service_win.cc(668)] Failed to read DnsConfig.
[1209/213224.093:WARNING:dns_config_service_win.cc(668)] Failed to read DnsConfig.
[1209/213229.096:WARNING:dns_config_service_win.cc(668)] Failed to read DnsConfig.
[1209/213234.100:WARNING:dns_config_service_win.cc(668)] Failed to read DnsConfig.
[1209/213239.105:WARNING:dns_config_service_win.cc(668)] Failed to read DnsConfig.
[1209/213244.109:WARNING:dns_config_service_win.cc(668)] Failed to read DnsConfig.
[1209/213249.113:WARNING:dns_config_service_win.cc(668)] Failed to read DnsConfig.
[1209/213254.117:WARNING:dns_config_service_win.cc(668)] Failed to read DnsConfig.
[1209/213259.121:WARNING:dns_config_service_win.cc(668)] Failed to read DnsConfig.
[1209/213304.125:WARNING:dns_config_service_win.cc(668)] Failed to read DnsConfig.
[1209/213309.129:WARNING:dns_config_service_win.cc(668)] Failed to read DnsConfig.
[1209/213314.132:WARNING:dns_config_service_win.cc(668)] Failed to read DnsConfig.
[1209/213319.136:WARNING:dns_config_service_win.cc(668)] Failed to read DnsConfig.
[1209/213324.140:WARNING:dns_config_service_win.cc(668)] Failed to read DnsConfig.
[1209/213329.145:WARNING:dns_config_service_win.cc(668)] Failed to read DnsConfig.
[1209/213334.149:WARNING:dns_config_service_win.cc(668)] Failed to read DnsConfig.
[1209/213339.152:WARNING:dns_config_service_win.cc(668)] Failed to read DnsConfig.
[1209/213344.156:WARNING:dns_config_service_win.cc(668)] Failed to read DnsConfig.
[1209/213349.161:WARNING:dns_config_service_win.cc(668)] Failed to read DnsConfig.
[1209/213354.165:WARNING:dns_config_service_win.cc(668)] Failed to read DnsConfig.
[1209/213359.172:WARNING:dns_config_service_win.cc(668)] Failed to read DnsConfig.
[1209/213404.176:WARNING:dns_config_service_win.cc(668)] Failed to read DnsConfig.
[1209/213409.180:WARNING:dns_config_service_win.cc(668)] Failed to read DnsConfig.
[1209/213414.184:WARNING:dns_config_service_win.cc(668)] Failed to read DnsConfig.
[1209/213419.189:WARNING:dns_config_service_win.cc(668)] Failed to read DnsConfig.
[1209/213424.196:WARNING:dns_config_service_win.cc(668)] Failed to read DnsConfig.
[1209/213429.200:WARNING:dns_config_service_win.cc(668)] Failed to read DnsConfig.
[1209/213434.204:WARNING:dns_config_service_win.cc(668)] Failed to read DnsConfig.
[1209/213439.208:WARNING:dns_config_service_win.cc(668)] Failed to read DnsConfig.
[1209/213444.212:WARNING:dns_config_service_win.cc(668)] Failed to read DnsConfig.
[1209/213449.216:WARNING:dns_config_service_win.cc(668)] Failed to read DnsConfig.
[1209/213454.220:WARNING:dns_config_service_win.cc(668)] Failed to read DnsConfig.
[1209/213459.463:WARNING:dns_config_service_win.cc(668)] Failed to read DnsConfig.
[1209/213504.516:WARNING:dns_config_service_win.cc(668)] Failed to read DnsConfig.
[1209/213509.521:WARNING:dns_config_service_win.cc(668)] Failed to read DnsConfig.
[1209/213514.527:WARNING:dns_config_service_win.cc(668)] Failed to read DnsConfig.
[1211/175944.004:WARNING:dns_config_service_win.cc(668)] Failed to read DnsConfig.
[1211/175949.326:WARNING:dns_config_service_win.cc(668)] Failed to read DnsConfig.
[1211/175954.332:WARNING:dns_config_service_win.cc(668)] Failed to read DnsConfig.
[1211/175959.336:WARNING:dns_config_service_win.cc(668)] Failed to read DnsConfig.
[1211/180004.341:WARNING:dns_config_service_win.cc(668)] Failed to read DnsConfig.
[1211/180009.346:WARNING:dns_config_service_win.cc(668)] Failed to read DnsConfig.
[1211/180014.349:WARNING:dns_config_service_win.cc(668)] Failed to read DnsConfig.
[1211/180019.355:WARNING:dns_config_service_win.cc(668)] Failed to read DnsConfig.
[1211/180024.358:WARNING:dns_config_service_win.cc(668)] Failed to read DnsConfig.
[1211/180029.363:WARNING:dns_config_service_win.cc(668)] Failed to read DnsConfig.
[1211/180034.367:WARNING:dns_config_service_win.cc(668)] Failed to read DnsConfig.
[1211/180039.371:WARNING:dns_config_service_win.cc(668)] Failed to read DnsConfig.
[1211/180044.375:WARNING:dns_config_service_win.cc(668)] Failed to read DnsConfig.
[1211/180049.380:WARNING:dns_config_service_win.cc(668)] Failed to read DnsConfig.
[1211/180054.383:WARNING:dns_config_service_win.cc(668)] Failed to read DnsConfig.
[1211/180059.387:WARNING:dns_config_service_win.cc(668)] Failed to read DnsConfig.
[1211/180104.392:WARNING:dns_config_service_win.cc(668)] Failed to read DnsConfig.
[1211/180109.396:WARNING:dns_config_service_win.cc(668)] Failed to read DnsConfig.
[1211/180114.399:WARNING:dns_config_service_win.cc(668)] Failed to read DnsConfig.
[1211/180119.404:WARNING:dns_config_service_win.cc(668)] Failed to read DnsConfig.
[1211/180124.409:WARNING:dns_config_service_win.cc(668)] Failed to read DnsConfig.
[1211/180129.413:WARNING:dns_config_service_win.cc(668)] Failed to read DnsConfig.
[1211/180134.417:WARNING:dns_config_service_win.cc(668)] Failed to read DnsConfig.
[1211/180139.421:WARNING:dns_config_service_win.cc(668)] Failed to read DnsConfig.
[1211/180144.427:WARNING:dns_config_service_win.cc(668)] Failed to read DnsConfig.
[1211/180149.430:WARNING:dns_config_service_win.cc(668)] Failed to read DnsConfig.
[1211/180154.435:WARNING:dns_config_service_win.cc(668)] Failed to read DnsConfig.
[1211/180159.439:WARNING:dns_config_service_win.cc(668)] Failed to read DnsConfig.
[1211/180204.443:WARNING:dns_config_service_win.cc(668)] Failed to read DnsConfig.
[1211/180209.446:WARNING:dns_config_service_win.cc(668)] Failed to read DnsConfig.
[1211/180214.450:WARNING:dns_config_service_win.cc(668)] Failed to read DnsConfig.
[1211/180219.454:WARNING:dns_config_service_win.cc(668)] Failed to read DnsConfig.
[1211/180224.458:WARNING:dns_config_service_win.cc(668)] Failed to read DnsConfig.
[1211/180229.462:WARNING:dns_config_service_win.cc(668)] Failed to read DnsConfig.
[1211/180234.466:WARNING:dns_config_service_win.cc(668)] Failed to read DnsConfig.
[1211/180239.472:WARNING:dns_config_service_win.cc(668)] Failed to read DnsConfig.
[1211/180244.476:WARNING:dns_config_service_win.cc(668)] Failed to read DnsConfig.
[1211/180249.480:WARNING:dns_config_service_win.cc(668)] Failed to read DnsConfig.
[1211/180254.485:WARNING:dns_config_service_win.cc(668)] Failed to read DnsConfig.
[1211/180259.489:WARNING:dns_config_service_win.cc(668)] Failed to read DnsConfig.
[1211/180304.494:WARNING:dns_config_service_win.cc(668)] Failed to read DnsConfig.
[1211/180309.499:WARNING:dns_config_service_win.cc(668)] Failed to read DnsConfig.
[1211/180314.503:WARNING:dns_config_service_win.cc(668)] Failed to read DnsConfig.
[1211/180319.507:WARNING:dns_config_service_win.cc(668)] Failed to read DnsConfig.
[1211/183546.282:INFO:CONSOLE(1)] "Long rAF frame-time", source: file:///C:/Program%20Files/Adobe/Adobe%20Photoshop%202020/Required/www-rich-tooltips/build/external.js (1)
[1211/183546.474:ERROR:mf_helpers.cc(14)] Error in dxva_video_decode_accelerator_win.cc on line 1612
[1211/183546.474:ERROR:mf_helpers.cc(14)] Error in dxva_video_decode_accelerator_win.cc on line 842
[1211/183546.508:WARNING:angle_platform_impl.cc(52)] compileToBinary(230): 
C:\fakepath(69,8-58): warning X3571: pow(f, e) will not work for negative f, use abs(f) or conditionally handle negative values if you expect them
C:\fakepath(77,9-43): warning X3571: pow(f, e) will not work for negative f, use abs(f) or conditionally handle negative values if you expect them

[1211/183714.456:ERROR:mf_helpers.cc(14)] Error in dxva_video_decode_accelerator_win.cc on line 1612
[1211/183714.456:ERROR:mf_helpers.cc(14)] Error in dxva_video_decode_accelerator_win.cc on line 842
[1211/190402.462:WARNING:dns_config_service_win.cc(668)] Failed to read DnsConfig.
[1211/190402.594:WARNING:dns_config_service_win.cc(668)] Failed to read DnsConfig.
[1211/190402.649:WARNING:dns_config_service_win.cc(668)] Failed to read DnsConfig.
[1211/190407.467:WARNING:dns_config_service_win.cc(668)] Failed to read DnsConfig.
[1211/190407.601:WARNING:dns_config_service_win.cc(668)] Failed to read DnsConfig.
[1211/190407.656:WARNING:dns_config_service_win.cc(668)] Failed to read DnsConfig.
[1211/190412.472:WARNING:dns_config_service_win.cc(668)] Failed to read DnsConfig.
[1211/190412.607:WARNING:dns_config_service_win.cc(668)] Failed to read DnsConfig.
[1211/190412.661:WARNING:dns_config_service_win.cc(668)] Failed to read DnsConfig.
[1211/190417.478:WARNING:dns_config_service_win.cc(668)] Failed to read DnsConfig.
[1211/190417.612:WARNING:dns_config_service_win.cc(668)] Failed to read DnsConfig.
[1211/190417.667:WARNING:dns_config_service_win.cc(668)] Failed to read DnsConfig.
[1211/190422.484:WARNING:dns_config_service_win.cc(668)] Failed to read DnsConfig.
[1211/190422.618:WARNING:dns_config_service_win.cc(668)] Failed to read DnsConfig.
[1211/190422.672:WARNING:dns_config_service_win.cc(668)] Failed to read DnsConfig.
[1211/190427.488:WARNING:dns_config_service_win.cc(668)] Failed to read DnsConfig.
[1211/190427.622:WARNING:dns_config_service_win.cc(668)] Failed to read DnsConfig.
[1211/190427.679:WARNING:dns_config_service_win.cc(668)] Failed to read DnsConfig.
[1211/190432.494:WARNING:dns_config_service_win.cc(668)] Failed to read DnsConfig.
[1211/190432.628:WARNING:dns_config_service_win.cc(668)] Failed to read DnsConfig.
[1211/190432.684:WARNING:dns_config_service_win.cc(668)] Failed to read DnsConfig.
[1211/190437.499:WARNING:dns_config_service_win.cc(668)] Failed to read DnsConfig.
[1211/190437.635:WARNING:dns_config_service_win.cc(668)] Failed to read DnsConfig.
[1211/190437.690:WARNING:dns_config_service_win.cc(668)] Failed to read DnsConfig.
[1211/190442.504:WARNING:dns_config_service_win.cc(668)] Failed to read DnsConfig.
[1211/190442.640:WARNING:dns_config_service_win.cc(668)] Failed to read DnsConfig.
[1211/190442.695:WARNING:dns_config_service_win.cc(668)] Failed to read DnsConfig.
[1211/190447.510:WARNING:dns_config_service_win.cc(668)] Failed to read DnsConfig.
[1211/190447.645:WARNING:dns_config_service_win.cc(668)] Failed to read DnsConfig.
[1211/190447.701:WARNING:dns_config_service_win.cc(668)] Failed to read DnsConfig.
[1211/190452.514:WARNING:dns_config_service_win.cc(668)] Failed to read DnsConfig.
[1211/190452.651:WARNING:dns_config_service_win.cc(668)] Failed to read DnsConfig.
[1211/190452.705:WARNING:dns_config_service_win.cc(668)] Failed to read DnsConfig.
[1211/190457.520:WARNING:dns_config_service_win.cc(668)] Failed to read DnsConfig.
[1211/190457.656:WARNING:dns_config_service_win.cc(668)] Failed to read DnsConfig.
[1211/190457.711:WARNING:dns_config_service_win.cc(668)] Failed to read DnsConfig.
[1211/190502.526:WARNING:dns_config_service_win.cc(668)] Failed to read DnsConfig.
[1211/190502.661:WARNING:dns_config_service_win.cc(668)] Failed to read DnsConfig.
[1211/190502.716:WARNING:dns_config_service_win.cc(668)] Failed to read DnsConfig.
[1211/190507.531:WARNING:dns_config_service_win.cc(668)] Failed to read DnsConfig.
[1211/190507.667:WARNING:dns_config_service_win.cc(668)] Failed to read DnsConfig.
[1211/190507.721:WARNING:dns_config_service_win.cc(668)] Failed to read DnsConfig.
[1211/190512.535:WARNING:dns_config_service_win.cc(668)] Failed to read DnsConfig.
[1211/190512.671:WARNING:dns_config_service_win.cc(668)] Failed to read DnsConfig.
[1211/190512.727:WARNING:dns_config_service_win.cc(668)] Failed to read DnsConfig.
[1211/190517.540:WARNING:dns_config_service_win.cc(668)] Failed to read DnsConfig.
[1211/190517.677:WARNING:dns_config_service_win.cc(668)] Failed to read DnsConfig.
[1211/190517.731:WARNING:dns_config_service_win.cc(668)] Failed to read DnsConfig.
[1211/190522.546:WARNING:dns_config_service_win.cc(668)] Failed to read DnsConfig.
[1211/190522.682:WARNING:dns_config_service_win.cc(668)] Failed to read DnsConfig.
[1211/190522.735:WARNING:dns_config_service_win.cc(668)] Failed to read DnsConfig.
[1211/190527.551:WARNING:dns_config_service_win.cc(668)] Failed to read DnsConfig.
[1211/190527.687:WARNING:dns_config_service_win.cc(668)] Failed to read DnsConfig.
[1211/190527.740:WARNING:dns_config_service_win.cc(668)] Failed to read DnsConfig.
[1211/190532.555:WARNING:dns_config_service_win.cc(668)] Failed to read DnsConfig.
[1211/190532.693:WARNING:dns_config_service_win.cc(668)] Failed to read DnsConfig.
[1211/190532.744:WARNING:dns_config_service_win.cc(668)] Failed to read DnsConfig.
[1211/190537.561:WARNING:dns_config_service_win.cc(668)] Failed to read DnsConfig.
[1211/190537.698:WARNING:dns_config_service_win.cc(668)] Failed to read DnsConfig.
[1211/190537.749:WARNING:dns_config_service_win.cc(668)] Failed to read DnsConfig.
[1211/190542.566:WARNING:dns_config_service_win.cc(668)] Failed to read DnsConfig.
[1211/190542.703:WARNING:dns_config_service_win.cc(668)] Failed to read DnsConfig.
[1211/190542.755:WARNING:dns_config_service_win.cc(668)] Failed to read DnsConfig.
[1211/190547.570:WARNING:dns_config_service_win.cc(668)] Failed to read DnsConfig.
[1211/190547.709:WARNING:dns_config_service_win.cc(668)] Failed to read DnsConfig.
[1211/190547.760:WARNING:dns_config_service_win.cc(668)] Failed to read DnsConfig.
[1211/190552.575:WARNING:dns_config_service_win.cc(668)] Failed to read DnsConfig.
[1211/190552.713:WARNING:dns_config_service_win.cc(668)] Failed to read DnsConfig.
[1211/190552.767:WARNING:dns_config_service_win.cc(668)] Failed to read DnsConfig.
[1211/190557.580:WARNING:dns_config_service_win.cc(668)] Failed to read DnsConfig.
[1211/190557.719:WARNING:dns_config_service_win.cc(668)] Failed to read DnsConfig.
[1211/190557.772:WARNING:dns_config_service_win.cc(668)] Failed to read DnsConfig.
[1211/190602.586:WARNING:dns_config_service_win.cc(668)] Failed to read DnsConfig.
[1211/190602.729:WARNING:dns_config_service_win.cc(668)] Failed to read DnsConfig.
[1211/190602.777:WARNING:dns_config_service_win.cc(668)] Failed to read DnsConfig.
[1211/190607.591:WARNING:dns_config_service_win.cc(668)] Failed to read DnsConfig.
[1211/190607.735:WARNING:dns_config_service_win.cc(668)] Failed to read DnsConfig.
[1211/190607.782:WARNING:dns_config_service_win.cc(668)] Failed to read DnsConfig.
[1211/190612.595:WARNING:dns_config_service_win.cc(668)] Failed to read DnsConfig.
[1211/190612.742:WARNING:dns_config_service_win.cc(668)] Failed to read DnsConfig.
[1211/190612.787:WARNING:dns_config_service_win.cc(668)] Failed to read DnsConfig.
[1211/190617.601:WARNING:dns_config_service_win.cc(668)] Failed to read DnsConfig.
[1211/190617.746:WARNING:dns_config_service_win.cc(668)] Failed to read DnsConfig.
[1211/190617.792:WARNING:dns_config_service_win.cc(668)] Failed to read DnsConfig.
[1211/190622.606:WARNING:dns_config_service_win.cc(668)] Failed to read DnsConfig.
[1211/190622.751:WARNING:dns_config_service_win.cc(668)] Failed to read DnsConfig.
[1211/190622.797:WARNING:dns_config_service_win.cc(668)] Failed to read DnsConfig.
[1211/190627.611:WARNING:dns_config_service_win.cc(668)] Failed to read DnsConfig.
[1211/190627.756:WARNING:dns_config_service_win.cc(668)] Failed to read DnsConfig.
[1211/190627.802:WARNING:dns_config_service_win.cc(668)] Failed to read DnsConfig.
[1211/190632.617:WARNING:dns_config_service_win.cc(668)] Failed to read DnsConfig.
[1211/190632.761:WARNING:dns_config_service_win.cc(668)] Failed to read DnsConfig.
[1211/190632.807:WARNING:dns_config_service_win.cc(668)] Failed to read DnsConfig.
[1211/190637.623:WARNING:dns_config_service_win.cc(668)] Failed to read DnsConfig.
[1211/190637.767:WARNING:dns_config_service_win.cc(668)] Failed to read DnsConfig.
[1211/190637.812:WARNING:dns_config_service_win.cc(668)] Failed to read DnsConfig.
[1211/190642.628:WARNING:dns_config_service_win.cc(668)] Failed to read DnsConfig.
[1211/190642.772:WARNING:dns_config_service_win.cc(668)] Failed to read DnsConfig.
[1211/190642.817:WARNING:dns_config_service_win.cc(668)] Failed to read DnsConfig.
[1211/190647.633:WARNING:dns_config_service_win.cc(668)] Failed to read DnsConfig.
[1211/190647.777:WARNING:dns_config_service_win.cc(668)] Failed to read DnsConfig.
[1211/190647.822:WARNING:dns_config_service_win.cc(668)] Failed to read DnsConfig.
[1211/190652.638:WARNING:dns_config_service_win.cc(668)] Failed to read DnsConfig.
[1211/190652.782:WARNING:dns_config_service_win.cc(668)] Failed to read DnsConfig.
[1211/190652.827:WARNING:dns_config_service_win.cc(668)] Failed to read DnsConfig.
[1211/190657.643:WARNING:dns_config_service_win.cc(668)] Failed to read DnsConfig.
[1211/190657.790:WARNING:dns_config_service_win.cc(668)] Failed to read DnsConfig.
[1211/190657.836:WARNING:dns_config_service_win.cc(668)] Failed to read DnsConfig.
[1211/190702.647:WARNING:dns_config_service_win.cc(668)] Failed to read DnsConfig.
[1211/190702.794:WARNING:dns_config_service_win.cc(668)] Failed to read DnsConfig.
[1211/190702.842:WARNING:dns_config_service_win.cc(668)] Failed to read DnsConfig.
[1211/190707.652:WARNING:dns_config_service_win.cc(668)] Failed to read DnsConfig.
[1211/190707.799:WARNING:dns_config_service_win.cc(668)] Failed to read DnsConfig.
[1211/190707.847:WARNING:dns_config_service_win.cc(668)] Failed to read DnsConfig.
[1211/190712.657:WARNING:dns_config_service_win.cc(668)] Failed to read DnsConfig.
[1211/190712.804:WARNING:dns_config_service_win.cc(668)] Failed to read DnsConfig.
[1211/190712.850:WARNING:dns_config_service_win.cc(668)] Failed to read DnsConfig.
[1211/190717.664:WARNING:dns_config_service_win.cc(668)] Failed to read DnsConfig.
[1211/190717.810:WARNING:dns_config_service_win.cc(668)] Failed to read DnsConfig.
[1211/190717.855:WARNING:dns_config_service_win.cc(668)] Failed to read DnsConfig.
[1211/190722.669:WARNING:dns_config_service_win.cc(668)] Failed to read DnsConfig.
[1211/190722.817:WARNING:dns_config_service_win.cc(668)] Failed to read DnsConfig.
[1211/190722.863:WARNING:dns_config_service_win.cc(668)] Failed to read DnsConfig.
[1211/190727.675:WARNING:dns_config_service_win.cc(668)] Failed to read DnsConfig.
[1211/190727.823:WARNING:dns_config_service_win.cc(668)] Failed to read DnsConfig.
[1211/190727.868:WARNING:dns_config_service_win.cc(668)] Failed to read DnsConfig.
[1211/190732.681:WARNING:dns_config_service_win.cc(668)] Failed to read DnsConfig.
[1211/190732.827:WARNING:dns_config_service_win.cc(668)] Failed to read DnsConfig.
[1211/190732.873:WARNING:dns_config_service_win.cc(668)] Failed to read DnsConfig.
[1211/190737.688:WARNING:dns_config_service_win.cc(668)] Failed to read DnsConfig.
[1211/190737.832:WARNING:dns_config_service_win.cc(668)] Failed to read DnsConfig.
[1211/190737.878:WARNING:dns_config_service_win.cc(668)] Failed to read DnsConfig.
[1211/190742.691:WARNING:dns_config_service_win.cc(668)] Failed to read DnsConfig.
[1211/190742.837:WARNING:dns_config_service_win.cc(668)] Failed to read DnsConfig.
[1211/190742.882:WARNING:dns_config_service_win.cc(668)] Failed to read DnsConfig.
[1211/190747.697:WARNING:dns_config_service_win.cc(668)] Failed to read DnsConfig.
[1211/190747.842:WARNING:dns_config_service_win.cc(668)] Failed to read DnsConfig.
[1211/190747.888:WARNING:dns_config_service_win.cc(668)] Failed to read DnsConfig.
[1211/190752.702:WARNING:dns_config_service_win.cc(668)] Failed to read DnsConfig.
[1211/190752.846:WARNING:dns_config_service_win.cc(668)] Failed to read DnsConfig.
[1211/190752.894:WARNING:dns_config_service_win.cc(668)] Failed to read DnsConfig.
[1211/190757.706:WARNING:dns_config_service_win.cc(668)] Failed to read DnsConfig.
[1211/190757.851:WARNING:dns_config_service_win.cc(668)] Failed to read DnsConfig.
[1211/190757.898:WARNING:dns_config_service_win.cc(668)] Failed to read DnsConfig.
[1211/190802.713:WARNING:dns_config_service_win.cc(668)] Failed to read DnsConfig.
[1211/190802.857:WARNING:dns_config_service_win.cc(668)] Failed to read DnsConfig.
[1211/190802.904:WARNING:dns_config_service_win.cc(668)] Failed to read DnsConfig.
[1211/190807.720:WARNING:dns_config_service_win.cc(668)] Failed to read DnsConfig.
[1211/190807.861:WARNING:dns_config_service_win.cc(668)] Failed to read DnsConfig.
[1211/190807.910:WARNING:dns_config_service_win.cc(668)] Failed to read DnsConfig.
[1211/190812.725:WARNING:dns_config_service_win.cc(668)] Failed to read DnsConfig.
[1211/190812.867:WARNING:dns_config_service_win.cc(668)] Failed to read DnsConfig.
[1211/190812.916:WARNING:dns_config_service_win.cc(668)] Failed to read DnsConfig.
[1211/190817.731:WARNING:dns_config_service_win.cc(668)] Failed to read DnsConfig.
[1211/190817.872:WARNING:dns_config_service_win.cc(668)] Failed to read DnsConfig.
[1211/190817.921:WARNING:dns_config_service_win.cc(668)] Failed to read DnsConfig.
[1211/190822.738:WARNING:dns_config_service_win.cc(668)] Failed to read DnsConfig.
[1211/190822.877:WARNING:dns_config_service_win.cc(668)] Failed to read DnsConfig.
[1211/190822.926:WARNING:dns_config_service_win.cc(668)] Failed to read DnsConfig.
[1211/190827.744:WARNING:dns_config_service_win.cc(668)] Failed to read DnsConfig.
[1211/190827.880:WARNING:dns_config_service_win.cc(668)] Failed to read DnsConfig.
[1211/190827.930:WARNING:dns_config_service_win.cc(668)] Failed to read DnsConfig.
[1211/190832.752:WARNING:dns_config_service_win.cc(668)] Failed to read DnsConfig.
[1211/190832.885:WARNING:dns_config_service_win.cc(668)] Failed to read DnsConfig.
[1211/190832.935:WARNING:dns_config_service_win.cc(668)] Failed to read DnsConfig.
[1211/190837.758:WARNING:dns_config_service_win.cc(668)] Failed to read DnsConfig.
[1211/190837.891:WARNING:dns_config_service_win.cc(668)] Failed to read DnsConfig.
[1211/190837.942:WARNING:dns_config_service_win.cc(668)] Failed to read DnsConfig.
[1211/190842.763:WARNING:dns_config_service_win.cc(668)] Failed to read DnsConfig.
[1211/190842.896:WARNING:dns_config_service_win.cc(668)] Failed to read DnsConfig.
[1211/190842.945:WARNING:dns_config_service_win.cc(668)] Failed to read DnsConfig.
[1211/190847.769:WARNING:dns_config_service_win.cc(668)] Failed to read DnsConfig.
[1211/190847.903:WARNING:dns_config_service_win.cc(668)] Failed to read DnsConfig.
[1211/190847.951:WARNING:dns_config_service_win.cc(668)] Failed to read DnsConfig.
[1211/190852.775:WARNING:dns_config_service_win.cc(668)] Failed to read DnsConfig.
[1211/190852.907:WARNING:dns_config_service_win.cc(668)] Failed to read DnsConfig.
[1211/190852.956:WARNING:dns_config_service_win.cc(668)] Failed to read DnsConfig.
[1211/190857.781:WARNING:dns_config_service_win.cc(668)] Failed to read DnsConfig.
[1211/190857.912:WARNING:dns_config_service_win.cc(668)] Failed to read DnsConfig.
[1211/190857.963:WARNING:dns_config_service_win.cc(668)] Failed to read DnsConfig.
[1211/190902.788:WARNING:dns_config_service_win.cc(668)] Failed to read DnsConfig.
[1211/190902.917:WARNING:dns_config_service_win.cc(668)] Failed to read DnsConfig.
[1211/190902.967:WARNING:dns_config_service_win.cc(668)] Failed to read DnsConfig.
[1211/190907.794:WARNING:dns_config_service_win.cc(668)] Failed to read DnsConfig.
[1211/190907.922:WARNING:dns_config_service_win.cc(668)] Failed to read DnsConfig.
[1211/190907.971:WARNING:dns_config_service_win.cc(668)] Failed to read DnsConfig.
[1211/190912.802:WARNING:dns_config_service_win.cc(668)] Failed to read DnsConfig.
[1211/190912.926:WARNING:dns_config_service_win.cc(668)] Failed to read DnsConfig.
[1211/190912.977:WARNING:dns_config_service_win.cc(668)] Failed to read DnsConfig.
[1211/190917.808:WARNING:dns_config_service_win.cc(668)] Failed to read DnsConfig.
[1211/190917.933:WARNING:dns_config_service_win.cc(668)] Failed to read DnsConfig.
[1211/190917.983:WARNING:dns_config_service_win.cc(668)] Failed to read DnsConfig.
[1211/190922.817:WARNING:dns_config_service_win.cc(668)] Failed to read DnsConfig.
[1211/190922.937:WARNING:dns_config_service_win.cc(668)] Failed to read DnsConfig.
[1211/190922.987:WARNING:dns_config_service_win.cc(668)] Failed to read DnsConfig.
[1211/190927.822:WARNING:dns_config_service_win.cc(668)] Failed to read DnsConfig.
[1211/190927.943:WARNING:dns_config_service_win.cc(668)] Failed to read DnsConfig.
[1211/190927.992:WARNING:dns_config_service_win.cc(668)] Failed to read DnsConfig.
[1211/190932.827:WARNING:dns_config_service_win.cc(668)] Failed to read DnsConfig.
[1211/190932.947:WARNING:dns_config_service_win.cc(668)] Failed to read DnsConfig.
[1211/190932.998:WARNING:dns_config_service_win.cc(668)] Failed to read DnsConfig.
[1211/190937.833:WARNING:dns_config_service_win.cc(668)] Failed to read DnsConfig.
[1211/190937.953:WARNING:dns_config_service_win.cc(668)] Failed to read DnsConfig.
[1211/190938.004:WARNING:dns_config_service_win.cc(668)] Failed to read DnsConfig.
[1211/190942.838:WARNING:dns_config_service_win.cc(668)] Failed to read DnsConfig.
[1211/190942.957:WARNING:dns_config_service_win.cc(668)] Failed to read DnsConfig.
[1211/190943.009:WARNING:dns_config_service_win.cc(668)] Failed to read DnsConfig.
[1211/190947.843:WARNING:dns_config_service_win.cc(668)] Failed to read DnsConfig.
[1211/190947.963:WARNING:dns_config_service_win.cc(668)] Failed to read DnsConfig.
[1211/190948.014:WARNING:dns_config_service_win.cc(668)] Failed to read DnsConfig.
[1211/190952.847:WARNING:dns_config_service_win.cc(668)] Failed to read DnsConfig.
[1211/190952.969:WARNING:dns_config_service_win.cc(668)] Failed to read DnsConfig.
[1211/190953.019:WARNING:dns_config_service_win.cc(668)] Failed to read DnsConfig.
[1211/190957.853:WARNING:dns_config_service_win.cc(668)] Failed to read DnsConfig.
[1211/190957.974:WARNING:dns_config_service_win.cc(668)] Failed to read DnsConfig.
[1211/190958.024:WARNING:dns_config_service_win.cc(668)] Failed to read DnsConfig.
[1211/191002.857:WARNING:dns_config_service_win.cc(668)] Failed to read DnsConfig.
[1211/191002.979:WARNING:dns_config_service_win.cc(668)] Failed to read DnsConfig.
[1211/191003.030:WARNING:dns_config_service_win.cc(668)] Failed to read DnsConfig.
[1211/191007.862:WARNING:dns_config_service_win.cc(668)] Failed to read DnsConfig.
[1211/191007.983:WARNING:dns_config_service_win.cc(668)] Failed to read DnsConfig.
[1211/191008.034:WARNING:dns_config_service_win.cc(668)] Failed to read DnsConfig.
[1211/191012.866:WARNING:dns_config_service_win.cc(668)] Failed to read DnsConfig.
[1211/191012.989:WARNING:dns_config_service_win.cc(668)] Failed to read DnsConfig.
[1211/191013.039:WARNING:dns_config_service_win.cc(668)] Failed to read DnsConfig.
[1211/191017.870:WARNING:dns_config_service_win.cc(668)] Failed to read DnsConfig.
[1211/191017.994:WARNING:dns_config_service_win.cc(668)] Failed to read DnsConfig.
[1211/191018.043:WARNING:dns_config_service_win.cc(668)] Failed to read DnsConfig.
[1211/191022.876:WARNING:dns_config_service_win.cc(668)] Failed to read DnsConfig.
[1211/191022.999:WARNING:dns_config_service_win.cc(668)] Failed to read DnsConfig.
[1211/191023.049:WARNING:dns_config_service_win.cc(668)] Failed to read DnsConfig.
[1211/191027.880:WARNING:dns_config_service_win.cc(668)] Failed to read DnsConfig.
[1211/191028.003:WARNING:dns_config_service_win.cc(668)] Failed to read DnsConfig.
[1211/191028.053:WARNING:dns_config_service_win.cc(668)] Failed to read DnsConfig.
[1211/191032.886:WARNING:dns_config_service_win.cc(668)] Failed to read DnsConfig.
[1211/191033.009:WARNING:dns_config_service_win.cc(668)] Failed to read DnsConfig.
[1211/191033.059:WARNING:dns_config_service_win.cc(668)] Failed to read DnsConfig.
[1211/191037.891:WARNING:dns_config_service_win.cc(668)] Failed to read DnsConfig.
[1211/191038.014:WARNING:dns_config_service_win.cc(668)] Failed to read DnsConfig.
[1211/191038.064:WARNING:dns_config_service_win.cc(668)] Failed to read DnsConfig.
[1211/191042.897:WARNING:dns_config_service_win.cc(668)] Failed to read DnsConfig.
[1211/191043.018:WARNING:dns_config_service_win.cc(668)] Failed to read DnsConfig.
[1211/191043.068:WARNING:dns_config_service_win.cc(668)] Failed to read DnsConfig.
[1211/191047.902:WARNING:dns_config_service_win.cc(668)] Failed to read DnsConfig.
[1211/191048.023:WARNING:dns_config_service_win.cc(668)] Failed to read DnsConfig.
[1211/191048.074:WARNING:dns_config_service_win.cc(668)] Failed to read DnsConfig.
[1211/191052.907:WARNING:dns_config_service_win.cc(668)] Failed to read DnsConfig.
[1211/191053.027:WARNING:dns_config_service_win.cc(668)] Failed to read DnsConfig.
[1211/191053.078:WARNING:dns_config_service_win.cc(668)] Failed to read DnsConfig.
[1211/191057.912:WARNING:dns_config_service_win.cc(668)] Failed to read DnsConfig.
[1211/191058.031:WARNING:dns_config_service_win.cc(668)] Failed to read DnsConfig.
[1211/191058.083:WARNING:dns_config_service_win.cc(668)] Failed to read DnsConfig.
[1211/191102.916:WARNING:dns_config_service_win.cc(668)] Failed to read DnsConfig.
[1211/191103.037:WARNING:dns_config_service_win.cc(668)] Failed to read DnsConfig.
[1211/191103.090:WARNING:dns_config_service_win.cc(668)] Failed to read DnsConfig.
[1211/191107.921:WARNING:dns_config_service_win.cc(668)] Failed to read DnsConfig.
[1211/191108.041:WARNING:dns_config_service_win.cc(668)] Failed to read DnsConfig.
[1211/191108.094:WARNING:dns_config_service_win.cc(668)] Failed to read DnsConfig.
[1211/191112.926:WARNING:dns_config_service_win.cc(668)] Failed to read DnsConfig.
[1211/191113.047:WARNING:dns_config_service_win.cc(668)] Failed to read DnsConfig.
[1211/191113.099:WARNING:dns_config_service_win.cc(668)] Failed to read DnsConfig.
[1211/191117.931:WARNING:dns_config_service_win.cc(668)] Failed to read DnsConfig.
[1211/191118.052:WARNING:dns_config_service_win.cc(668)] Failed to read DnsConfig.
[1211/191118.102:WARNING:dns_config_service_win.cc(668)] Failed to read DnsConfig.
[1211/191122.936:WARNING:dns_config_service_win.cc(668)] Failed to read DnsConfig.
[1211/191123.059:WARNING:dns_config_service_win.cc(668)] Failed to read DnsConfig.
[1211/191123.107:WARNING:dns_config_service_win.cc(668)] Failed to read DnsConfig.
[1211/191127.939:WARNING:dns_config_service_win.cc(668)] Failed to read DnsConfig.
[1211/191128.062:WARNING:dns_config_service_win.cc(668)] Failed to read DnsConfig.
[1211/191128.111:WARNING:dns_config_service_win.cc(668)] Failed to read DnsConfig.
[1211/191132.944:WARNING:dns_config_service_win.cc(668)] Failed to read DnsConfig.
[1211/191133.067:WARNING:dns_config_service_win.cc(668)] Failed to read DnsConfig.
[1211/191133.117:WARNING:dns_config_service_win.cc(668)] Failed to read DnsConfig.
[1211/191137.950:WARNING:dns_config_service_win.cc(668)] Failed to read DnsConfig.
[1211/191138.073:WARNING:dns_config_service_win.cc(668)] Failed to read DnsConfig.
[1211/191138.122:WARNING:dns_config_service_win.cc(668)] Failed to read DnsConfig.
[1211/191142.954:WARNING:dns_config_service_win.cc(668)] Failed to read DnsConfig.
[1211/191143.078:WARNING:dns_config_service_win.cc(668)] Failed to read DnsConfig.
[1211/191143.127:WARNING:dns_config_service_win.cc(668)] Failed to read DnsConfig.
[1211/191147.960:WARNING:dns_config_service_win.cc(668)] Failed to read DnsConfig.
[1211/191148.082:WARNING:dns_config_service_win.cc(668)] Failed to read DnsConfig.
[1211/191148.132:WARNING:dns_config_service_win.cc(668)] Failed to read DnsConfig.
[1211/191152.970:WARNING:dns_config_service_win.cc(668)] Failed to read DnsConfig.
[1211/191153.092:WARNING:dns_config_service_win.cc(668)] Failed to read DnsConfig.
[1211/191153.138:WARNING:dns_config_service_win.cc(668)] Failed to read DnsConfig.
[1211/191157.975:WARNING:dns_config_service_win.cc(668)] Failed to read DnsConfig.
[1211/191158.097:WARNING:dns_config_service_win.cc(668)] Failed to read DnsConfig.
[1211/191158.143:WARNING:dns_config_service_win.cc(668)] Failed to read DnsConfig.
[1211/191202.981:WARNING:dns_config_service_win.cc(668)] Failed to read DnsConfig.
[1211/191203.103:WARNING:dns_config_service_win.cc(668)] Failed to read DnsConfig.
[1211/191203.148:WARNING:dns_config_service_win.cc(668)] Failed to read DnsConfig.
[1211/191207.986:WARNING:dns_config_service_win.cc(668)] Failed to read DnsConfig.
[1211/191208.106:WARNING:dns_config_service_win.cc(668)] Failed to read DnsConfig.
[1211/191208.152:WARNING:dns_config_service_win.cc(668)] Failed to read DnsConfig.
[1211/191212.991:WARNING:dns_config_service_win.cc(668)] Failed to read DnsConfig.
[1211/191213.112:WARNING:dns_config_service_win.cc(668)] Failed to read DnsConfig.
[1211/191213.157:WARNING:dns_config_service_win.cc(668)] Failed to read DnsConfig.
[1211/191217.997:WARNING:dns_config_service_win.cc(668)] Failed to read DnsConfig.
[1211/191218.115:WARNING:dns_config_service_win.cc(668)] Failed to read DnsConfig.
[1211/191218.161:WARNING:dns_config_service_win.cc(668)] Failed to read DnsConfig.
[1211/191223.001:WARNING:dns_config_service_win.cc(668)] Failed to read DnsConfig.
[1211/191223.120:WARNING:dns_config_service_win.cc(668)] Failed to read DnsConfig.
[1211/191223.167:WARNING:dns_config_service_win.cc(668)] Failed to read DnsConfig.
[1211/191228.006:WARNING:dns_config_service_win.cc(668)] Failed to read DnsConfig.
[1211/191228.126:WARNING:dns_config_service_win.cc(668)] Failed to read DnsConfig.
[1211/191228.174:WARNING:dns_config_service_win.cc(668)] Failed to read DnsConfig.
[1211/191233.011:WARNING:dns_config_service_win.cc(668)] Failed to read DnsConfig.
[1211/191233.130:WARNING:dns_config_service_win.cc(668)] Failed to read DnsConfig.
[1211/191233.179:WARNING:dns_config_service_win.cc(668)] Failed to read DnsConfig.
[1211/191238.016:WARNING:dns_config_service_win.cc(668)] Failed to read DnsConfig.
[1211/191238.135:WARNING:dns_config_service_win.cc(668)] Failed to read DnsConfig.
[1211/191238.187:WARNING:dns_config_service_win.cc(668)] Failed to read DnsConfig.
[1211/191243.021:WARNING:dns_config_service_win.cc(668)] Failed to read DnsConfig.
[1211/191243.142:WARNING:dns_config_service_win.cc(668)] Failed to read DnsConfig.
[1211/191243.193:WARNING:dns_config_service_win.cc(668)] Failed to read DnsConfig.
[1211/191248.026:WARNING:dns_config_service_win.cc(668)] Failed to read DnsConfig.
[1211/191248.148:WARNING:dns_config_service_win.cc(668)] Failed to read DnsConfig.
[1211/191248.197:WARNING:dns_config_service_win.cc(668)] Failed to read DnsConfig.
[1211/191253.033:WARNING:dns_config_service_win.cc(668)] Failed to read DnsConfig.
[1211/191253.154:WARNING:dns_config_service_win.cc(668)] Failed to read DnsConfig.
[1211/191253.203:WARNING:dns_config_service_win.cc(668)] Failed to read DnsConfig.
[1211/191258.038:WARNING:dns_config_service_win.cc(668)] Failed to read DnsConfig.
[1211/191258.160:WARNING:dns_config_service_win.cc(668)] Failed to read DnsConfig.
[1211/191258.208:WARNING:dns_config_service_win.cc(668)] Failed to read DnsConfig.
[1211/191303.043:WARNING:dns_config_service_win.cc(668)] Failed to read DnsConfig.
[1211/191303.166:WARNING:dns_config_service_win.cc(668)] Failed to read DnsConfig.
[1211/191303.213:WARNING:dns_config_service_win.cc(668)] Failed to read DnsConfig.
[1211/191308.050:WARNING:dns_config_service_win.cc(668)] Failed to read DnsConfig.
[1211/191308.172:WARNING:dns_config_service_win.cc(668)] Failed to read DnsConfig.
[1211/191308.219:WARNING:dns_config_service_win.cc(668)] Failed to read DnsConfig.
[1211/191313.053:WARNING:dns_config_service_win.cc(668)] Failed to read DnsConfig.
[1211/191313.179:WARNING:dns_config_service_win.cc(668)] Failed to read DnsConfig.
[1211/191313.224:WARNING:dns_config_service_win.cc(668)] Failed to read DnsConfig.
[1211/191318.059:WARNING:dns_config_service_win.cc(668)] Failed to read DnsConfig.
[1211/191318.184:WARNING:dns_config_service_win.cc(668)] Failed to read DnsConfig.
[1211/191318.229:WARNING:dns_config_service_win.cc(668)] Failed to read DnsConfig.
[1211/191323.064:WARNING:dns_config_service_win.cc(668)] Failed to read DnsConfig.
[1211/191323.190:WARNING:dns_config_service_win.cc(668)] Failed to read DnsConfig.
[1211/191323.235:WARNING:dns_config_service_win.cc(668)] Failed to read DnsConfig.
[1211/191328.070:WARNING:dns_config_service_win.cc(668)] Failed to read DnsConfig.
[1211/191328.198:WARNING:dns_config_service_win.cc(668)] Failed to read DnsConfig.
[1211/191328.241:WARNING:dns_config_service_win.cc(668)] Failed to read DnsConfig.
[1211/191333.075:WARNING:dns_config_service_win.cc(668)] Failed to read DnsConfig.
[1211/191333.205:WARNING:dns_config_service_win.cc(668)] Failed to read DnsConfig.
[1211/191333.245:WARNING:dns_config_service_win.cc(668)] Failed to read DnsConfig.
[1211/191338.081:WARNING:dns_config_service_win.cc(668)] Failed to read DnsConfig.
[1211/191338.210:WARNING:dns_config_service_win.cc(668)] Failed to read DnsConfig.
[1211/191338.249:WARNING:dns_config_service_win.cc(668)] Failed to read DnsConfig.
[1211/191343.085:WARNING:dns_config_service_win.cc(668)] Failed to read DnsConfig.
[1211/191343.218:WARNING:dns_config_service_win.cc(668)] Failed to read DnsConfig.
[1211/191343.255:WARNING:dns_config_service_win.cc(668)] Failed to read DnsConfig.
[1211/191348.090:WARNING:dns_config_service_win.cc(668)] Failed to read DnsConfig.
[1211/191348.222:WARNING:dns_config_service_win.cc(668)] Failed to read DnsConfig.
[1211/191348.261:WARNING:dns_config_service_win.cc(668)] Failed to read DnsConfig.
[1211/191353.094:WARNING:dns_config_service_win.cc(668)] Failed to read DnsConfig.
[1211/191353.228:WARNING:dns_config_service_win.cc(668)] Failed to read DnsConfig.
[1211/191353.266:WARNING:dns_config_service_win.cc(668)] Failed to read DnsConfig.
[1211/191358.099:WARNING:dns_config_service_win.cc(668)] Failed to read DnsConfig.
[1211/191358.232:WARNING:dns_config_service_win.cc(668)] Failed to read DnsConfig.
[1211/191358.270:WARNING:dns_config_service_win.cc(668)] Failed to read DnsConfig.
[1211/191403.103:WARNING:dns_config_service_win.cc(668)] Failed to read DnsConfig.
[1211/191403.237:WARNING:dns_config_service_win.cc(668)] Failed to read DnsConfig.
[1211/191403.276:WARNING:dns_config_service_win.cc(668)] Failed to read DnsConfig.
[1211/191408.107:WARNING:dns_config_service_win.cc(668)] Failed to read DnsConfig.
[1211/191408.243:WARNING:dns_config_service_win.cc(668)] Failed to read DnsConfig.
[1211/191408.281:WARNING:dns_config_service_win.cc(668)] Failed to read DnsConfig.
[1211/191413.111:WARNING:dns_config_service_win.cc(668)] Failed to read DnsConfig.
[1211/191413.248:WARNING:dns_config_service_win.cc(668)] Failed to read DnsConfig.
[1211/191413.288:WARNING:dns_config_service_win.cc(668)] Failed to read DnsConfig.
[1211/191418.117:WARNING:dns_config_service_win.cc(668)] Failed to read DnsConfig.
[1211/191418.253:WARNING:dns_config_service_win.cc(668)] Failed to read DnsConfig.
[1211/191418.292:WARNING:dns_config_service_win.cc(668)] Failed to read DnsConfig.
[1211/191423.123:WARNING:dns_config_service_win.cc(668)] Failed to read DnsConfig.
[1211/191423.260:WARNING:dns_config_service_win.cc(668)] Failed to read DnsConfig.
[1211/191423.297:WARNING:dns_config_service_win.cc(668)] Failed to read DnsConfig.
[1211/191428.129:WARNING:dns_config_service_win.cc(668)] Failed to read DnsConfig.
[1211/191428.270:WARNING:dns_config_service_win.cc(668)] Failed to read DnsConfig.
[1211/191428.302:WARNING:dns_config_service_win.cc(668)] Failed to read DnsConfig.
[1211/191433.136:WARNING:dns_config_service_win.cc(668)] Failed to read DnsConfig.
[1211/191433.276:WARNING:dns_config_service_win.cc(668)] Failed to read DnsConfig.
[1211/191433.307:WARNING:dns_config_service_win.cc(668)] Failed to read DnsConfig.
[1211/191438.141:WARNING:dns_config_service_win.cc(668)] Failed to read DnsConfig.
[1211/191438.282:WARNING:dns_config_service_win.cc(668)] Failed to read DnsConfig.
[1211/191438.311:WARNING:dns_config_service_win.cc(668)] Failed to read DnsConfig.
[1211/191443.146:WARNING:dns_config_service_win.cc(668)] Failed to read DnsConfig.
[1211/191443.286:WARNING:dns_config_service_win.cc(668)] Failed to read DnsConfig.
[1211/191443.316:WARNING:dns_config_service_win.cc(668)] Failed to read DnsConfig.
[1211/191448.150:WARNING:dns_config_service_win.cc(668)] Failed to read DnsConfig.
[1211/191448.291:WARNING:dns_config_service_win.cc(668)] Failed to read DnsConfig.
[1211/191448.322:WARNING:dns_config_service_win.cc(668)] Failed to read DnsConfig.
[1211/191453.157:WARNING:dns_config_service_win.cc(668)] Failed to read DnsConfig.
[1211/191453.297:WARNING:dns_config_service_win.cc(668)] Failed to read DnsConfig.
[1211/191453.328:WARNING:dns_config_service_win.cc(668)] Failed to read DnsConfig.
[1211/191458.162:WARNING:dns_config_service_win.cc(668)] Failed to read DnsConfig.
[1211/191458.303:WARNING:dns_config_service_win.cc(668)] Failed to read DnsConfig.
[1211/191458.333:WARNING:dns_config_service_win.cc(668)] Failed to read DnsConfig.
[1211/191503.168:WARNING:dns_config_service_win.cc(668)] Failed to read DnsConfig.
[1211/191503.307:WARNING:dns_config_service_win.cc(668)] Failed to read DnsConfig.
[1211/191503.338:WARNING:dns_config_service_win.cc(668)] Failed to read DnsConfig.
[1211/191508.174:WARNING:dns_config_service_win.cc(668)] Failed to read DnsConfig.
[1211/191508.313:WARNING:dns_config_service_win.cc(668)] Failed to read DnsConfig.
[1211/191508.343:WARNING:dns_config_service_win.cc(668)] Failed to read DnsConfig.
[1211/191513.179:WARNING:dns_config_service_win.cc(668)] Failed to read DnsConfig.
[1211/191513.318:WARNING:dns_config_service_win.cc(668)] Failed to read DnsConfig.
[1211/191513.349:WARNING:dns_config_service_win.cc(668)] Failed to read DnsConfig.
[1211/191518.186:WARNING:dns_config_service_win.cc(668)] Failed to read DnsConfig.
[1211/191518.325:WARNING:dns_config_service_win.cc(668)] Failed to read DnsConfig.
[1211/191518.354:WARNING:dns_config_service_win.cc(668)] Failed to read DnsConfig.
[1211/191523.192:WARNING:dns_config_service_win.cc(668)] Failed to read DnsConfig.
[1211/191523.328:WARNING:dns_config_service_win.cc(668)] Failed to read DnsConfig.
[1211/191523.359:WARNING:dns_config_service_win.cc(668)] Failed to read DnsConfig.
[1211/191528.197:WARNING:dns_config_service_win.cc(668)] Failed to read DnsConfig.
[1211/191528.334:WARNING:dns_config_service_win.cc(668)] Failed to read DnsConfig.
[1211/191528.365:WARNING:dns_config_service_win.cc(668)] Failed to read DnsConfig.
[1211/191533.201:WARNING:dns_config_service_win.cc(668)] Failed to read DnsConfig.
[1211/191533.341:WARNING:dns_config_service_win.cc(668)] Failed to read DnsConfig.
[1211/191533.373:WARNING:dns_config_service_win.cc(668)] Failed to read DnsConfig.
[1211/191538.206:WARNING:dns_config_service_win.cc(668)] Failed to read DnsConfig.
[1211/191538.345:WARNING:dns_config_service_win.cc(668)] Failed to read DnsConfig.
[1211/191538.379:WARNING:dns_config_service_win.cc(668)] Failed to read DnsConfig.
[1211/191543.210:WARNING:dns_config_service_win.cc(668)] Failed to read DnsConfig.
[1211/191543.352:WARNING:dns_config_service_win.cc(668)] Failed to read DnsConfig.
[1211/191543.386:WARNING:dns_config_service_win.cc(668)] Failed to read DnsConfig.
[1211/191548.216:WARNING:dns_config_service_win.cc(668)] Failed to read DnsConfig.
[1211/191548.356:WARNING:dns_config_service_win.cc(668)] Failed to read DnsConfig.
[1211/191548.391:WARNING:dns_config_service_win.cc(668)] Failed to read DnsConfig.
[1211/191553.225:WARNING:dns_config_service_win.cc(668)] Failed to read DnsConfig.
[1211/191553.363:WARNING:dns_config_service_win.cc(668)] Failed to read DnsConfig.
[1211/191553.396:WARNING:dns_config_service_win.cc(668)] Failed to read DnsConfig.
[1211/191558.231:WARNING:dns_config_service_win.cc(668)] Failed to read DnsConfig.
[1211/191558.376:WARNING:dns_config_service_win.cc(668)] Failed to read DnsConfig.
[1211/191558.402:WARNING:dns_config_service_win.cc(668)] Failed to read DnsConfig.
[1211/191603.238:WARNING:dns_config_service_win.cc(668)] Failed to read DnsConfig.
[1211/191603.380:WARNING:dns_config_service_win.cc(668)] Failed to read DnsConfig.
[1211/191603.408:WARNING:dns_config_service_win.cc(668)] Failed to read DnsConfig.
[1211/191608.242:WARNING:dns_config_service_win.cc(668)] Failed to read DnsConfig.
[1211/191608.389:WARNING:dns_config_service_win.cc(668)] Failed to read DnsConfig.
[1211/191608.414:WARNING:dns_config_service_win.cc(668)] Failed to read DnsConfig.
[1211/192719.681:ERROR:mf_helpers.cc(14)] Error in dxva_video_decode_accelerator_win.cc on line 1612
[1211/192719.682:ERROR:mf_helpers.cc(14)] Error in dxva_video_decode_accelerator_win.cc on line 842
[1211/192720.301:ERROR:mf_helpers.cc(14)] Error in dxva_video_decode_accelerator_win.cc on line 1612
[1211/192720.301:ERROR:mf_helpers.cc(14)] Error in dxva_video_decode_accelerator_win.cc on line 842
[1211/192720.595:ERROR:mf_helpers.cc(14)] Error in dxva_video_decode_accelerator_win.cc on line 1612
[1211/192720.595:ERROR:mf_helpers.cc(14)] Error in dxva_video_decode_accelerator_win.cc on line 842
[1211/193108.952:ERROR:mf_helpers.cc(14)] Error in dxva_video_decode_accelerator_win.cc on line 1612
[1211/193108.952:ERROR:mf_helpers.cc(14)] Error in dxva_video_decode_accelerator_win.cc on line 842
[1211/202441.261:WARNING:dns_config_service_win.cc(668)] Failed to read DnsConfig.
[1211/202446.275:WARNING:dns_config_service_win.cc(668)] Failed to read DnsConfig.
[1211/202451.284:WARNING:dns_config_service_win.cc(668)] Failed to read DnsConfig.
[1211/202456.290:WARNING:dns_config_service_win.cc(668)] Failed to read DnsConfig.
[1211/202501.294:WARNING:dns_config_service_win.cc(668)] Failed to read DnsConfig.
[1211/202506.328:WARNING:dns_config_service_win.cc(668)] Failed to read DnsConfig.
[1211/202511.332:WARNING:dns_config_service_win.cc(668)] Failed to read DnsConfig.
[1211/202516.339:WARNING:dns_config_service_win.cc(668)] Failed to read DnsConfig.
[1211/202521.343:WARNING:dns_config_service_win.cc(668)] Failed to read DnsConfig.
[1211/202526.350:WARNING:dns_config_service_win.cc(668)] Failed to read DnsConfig.
[1211/202531.354:WARNING:dns_config_service_win.cc(668)] Failed to read DnsConfig.
[1211/202536.358:WARNING:dns_config_service_win.cc(668)] Failed to read DnsConfig.
[1211/202541.365:WARNING:dns_config_service_win.cc(668)] Failed to read DnsConfig.
[1211/202546.371:WARNING:dns_config_service_win.cc(668)] Failed to read DnsConfig.
[1211/202551.377:WARNING:dns_config_service_win.cc(668)] Failed to read DnsConfig.
[1211/202556.381:WARNING:dns_config_service_win.cc(668)] Failed to read DnsConfig.
[1211/202601.389:WARNING:dns_config_service_win.cc(668)] Failed to read DnsConfig.
[1211/202606.393:WARNING:dns_config_service_win.cc(668)] Failed to read DnsConfig.
[1211/202611.400:WARNING:dns_config_service_win.cc(668)] Failed to read DnsConfig.
[1211/202616.405:WARNING:dns_config_service_win.cc(668)] Failed to read DnsConfig.
[1211/202621.411:WARNING:dns_config_service_win.cc(668)] Failed to read DnsConfig.
[1211/202626.416:WARNING:dns_config_service_win.cc(668)] Failed to read DnsConfig.
[1211/202631.423:WARNING:dns_config_service_win.cc(668)] Failed to read DnsConfig.
[1211/202636.429:WARNING:dns_config_service_win.cc(668)] Failed to read DnsConfig.
[1211/202641.434:WARNING:dns_config_service_win.cc(668)] Failed to read DnsConfig.
[1211/202646.440:WARNING:dns_config_service_win.cc(668)] Failed to read DnsConfig.
[1211/202651.444:WARNING:dns_config_service_win.cc(668)] Failed to read DnsConfig.
[1211/202656.451:WARNING:dns_config_service_win.cc(668)] Failed to read DnsConfig.
[1211/202701.458:WARNING:dns_config_service_win.cc(668)] Failed to read DnsConfig.
[1211/202706.462:WARNING:dns_config_service_win.cc(668)] Failed to read DnsConfig.
[1211/202711.468:WARNING:dns_config_service_win.cc(668)] Failed to read DnsConfig.
[1211/202716.474:WARNING:dns_config_service_win.cc(668)] Failed to read DnsConfig.
[1211/202721.481:WARNING:dns_config_service_win.cc(668)] Failed to read DnsConfig.
[1211/202726.487:WARNING:dns_config_service_win.cc(668)] Failed to read DnsConfig.
[1211/202731.493:WARNING:dns_config_service_win.cc(668)] Failed to read DnsConfig.
[1211/202736.499:WARNING:dns_config_service_win.cc(668)] Failed to read DnsConfig.
[1211/202741.504:WARNING:dns_config_service_win.cc(668)] Failed to read DnsConfig.
[1211/202746.509:WARNING:dns_config_service_win.cc(668)] Failed to read DnsConfig.
[1211/202751.514:WARNING:dns_config_service_win.cc(668)] Failed to read DnsConfig.
[1211/202756.520:WARNING:dns_config_service_win.cc(668)] Failed to read DnsConfig.
[1211/202801.527:WARNING:dns_config_service_win.cc(668)] Failed to read DnsConfig.
[1211/202806.533:WARNING:dns_config_service_win.cc(668)] Failed to read DnsConfig.
[1211/202811.539:WARNING:dns_config_service_win.cc(668)] Failed to read DnsConfig.
[1211/202816.545:WARNING:dns_config_service_win.cc(668)] Failed to read DnsConfig.
[1211/202821.550:WARNING:dns_config_service_win.cc(668)] Failed to read DnsConfig.
[1211/202826.558:WARNING:dns_config_service_win.cc(668)] Failed to read DnsConfig.
[1211/202831.562:WARNING:dns_config_service_win.cc(668)] Failed to read DnsConfig.
[1211/202836.569:WARNING:dns_config_service_win.cc(668)] Failed to read DnsConfig.
[1211/202841.576:WARNING:dns_config_service_win.cc(668)] Failed to read DnsConfig.
[1211/202846.580:WARNING:dns_config_service_win.cc(668)] Failed to read DnsConfig.
[1211/202851.586:WARNING:dns_config_service_win.cc(668)] Failed to read DnsConfig.
[1211/202856.592:WARNING:dns_config_service_win.cc(668)] Failed to read DnsConfig.
[1211/202901.598:WARNING:dns_config_service_win.cc(668)] Failed to read DnsConfig.
[1211/202906.603:WARNING:dns_config_service_win.cc(668)] Failed to read DnsConfig.
[1211/202911.609:WARNING:dns_config_service_win.cc(668)] Failed to read DnsConfig.
[1211/202916.615:WARNING:dns_config_service_win.cc(668)] Failed to read DnsConfig.
[1211/202921.621:WARNING:dns_config_service_win.cc(668)] Failed to read DnsConfig.
[1211/202926.625:WARNING:dns_config_service_win.cc(668)] Failed to read DnsConfig.
[1211/202931.631:WARNING:dns_config_service_win.cc(668)] Failed to read DnsConfig.
[1211/202936.636:WARNING:dns_config_service_win.cc(668)] Failed to read DnsConfig.
[1211/202941.641:WARNING:dns_config_service_win.cc(668)] Failed to read DnsConfig.
[1211/202946.646:WARNING:dns_config_service_win.cc(668)] Failed to read DnsConfig.
[1211/202951.650:WARNING:dns_config_service_win.cc(668)] Failed to read DnsConfig.
[1211/202956.655:WARNING:dns_config_service_win.cc(668)] Failed to read DnsConfig.
[1211/203001.660:WARNING:dns_config_service_win.cc(668)] Failed to read DnsConfig.
[1211/203006.667:WARNING:dns_config_service_win.cc(668)] Failed to read DnsConfig.
[1211/203011.674:WARNING:dns_config_service_win.cc(668)] Failed to read DnsConfig.
[1211/203016.679:WARNING:dns_config_service_win.cc(668)] Failed to read DnsConfig.
[1211/203021.686:WARNING:dns_config_service_win.cc(668)] Failed to read DnsConfig.
[1211/203026.691:WARNING:dns_config_service_win.cc(668)] Failed to read DnsConfig.
[1211/203031.696:WARNING:dns_config_service_win.cc(668)] Failed to read DnsConfig.
[1211/203036.701:WARNING:dns_config_service_win.cc(668)] Failed to read DnsConfig.
[1211/203041.706:WARNING:dns_config_service_win.cc(668)] Failed to read DnsConfig.
[1211/203046.718:WARNING:dns_config_service_win.cc(668)] Failed to read DnsConfig.
[1211/203051.723:WARNING:dns_config_service_win.cc(668)] Failed to read DnsConfig.
[1211/203056.727:WARNING:dns_config_service_win.cc(668)] Failed to read DnsConfig.
[1211/203101.733:WARNING:dns_config_service_win.cc(668)] Failed to read DnsConfig.
[1211/203106.738:WARNING:dns_config_service_win.cc(668)] Failed to read DnsConfig.
[1211/203110.059:ERROR:media_internals.cc(112)] Cannot get RenderProcessHost
